<?xml version="1.0" encoding="UTF-8"?>
<!-- Generated by org.testng.reporters.JUnitReportReporter -->
<testsuite hostname="Bharti" failures="0" tests="1" name="maven_project_Fr.ScrollingPage_sr" time="5.745" errors="0" timestamp="2024-09-16T00:03:21 IST" skipped="0">
  <testcase classname="maven_project_Fr.ScrollingPage_sr" name="Scrollbar" time="5.745"/>
</testsuite> <!-- maven_project_Fr.ScrollingPage_sr -->
