<?xml version="1.0" encoding="UTF-8"?>
<!-- Generated by org.testng.reporters.JUnitReportReporter -->
<testsuite hostname="Bharti" failures="0" tests="1" name="maven_project_Fr.script_SR" time="0.267" errors="0" timestamp="2024-09-15T22:11:06 IST" skipped="0">
  <testcase classname="maven_project_Fr.script_SR" name="ListofData" time="0.267"/>
</testsuite> <!-- maven_project_Fr.script_SR -->
