<?xml version="1.0" encoding="UTF-8"?>
<!-- Generated by org.testng.reporters.JUnitReportReporter -->
<testsuite hostname="Bharti" failures="0" tests="2" name="SecondSegment_SR2.SecondSegment" time="0.041" errors="0" timestamp="2024-09-23T23:35:50 IST" skipped="0">
  <testcase classname="SecondSegment_SR2.SecondSegment" name="SerchOption" time="0.022"/>
  <testcase classname="SecondSegment_SR2.SecondSegment" name="Menu_Option" time="0.019"/>
</testsuite> <!-- SecondSegment_SR2.SecondSegment -->
