<?xml version="1.0" encoding="UTF-8"?>
<!-- Generated by org.testng.reporters.JUnitReportReporter -->
<testsuite hostname="Bharti" failures="0" tests="2" name="ThirdSegment_SR3.thirdsegment" time="0.016" errors="0" timestamp="2024-09-24T20:38:18 IST" skipped="0">
  <testcase classname="ThirdSegment_SR3.thirdsegment" name="Product_list" time="0.009"/>
  <testcase classname="ThirdSegment_SR3.thirdsegment" name="Multiple_Product" time="0.007"/>
</testsuite> <!-- ThirdSegment_SR3.thirdsegment -->
