<?xml version="1.0" encoding="UTF-8"?>
<!-- Generated by org.testng.reporters.JUnitReportReporter -->
<testsuite hostname="Bharti" failures="0" tests="2" name="SecondSegment_SR2.SecondSegment" time="0.031" errors="0" timestamp="2024-09-24T20:38:18 IST" skipped="0">
  <testcase classname="SecondSegment_SR2.SecondSegment" name="Menu_Option" time="0.014"/>
  <testcase classname="SecondSegment_SR2.SecondSegment" name="SerchOption" time="0.017"/>
</testsuite> <!-- SecondSegment_SR2.SecondSegment -->
