<?xml version="1.0" encoding="UTF-8"?>
<!-- Generated by org.testng.reporters.JUnitReportReporter -->
<testsuite hostname="Bharti" failures="0" tests="2" name="FirstSegment_SR1.FirstSegment" time="0.163" errors="0" timestamp="2024-09-24T20:38:18 IST" skipped="0">
  <testcase classname="FirstSegment_SR1.FirstSegment" name="UserIDCreation" time="0.157"/>
  <testcase classname="FirstSegment_SR1.FirstSegment" name="User_name_field" time="0.006"/>
</testsuite> <!-- FirstSegment_SR1.FirstSegment -->
